The system is: Windows - 10.0.19041 - AMD64
Compiling the C compiler identification source file "CMakeCCompilerId.c" succeeded.
Compiler:  
Build flags: 
Id flags:  

The output was:
0
Microsoft (R) Build Engine versione 16.7.0+b89cb5fde per .NET Framework
Copyright (C) Microsoft Corporation. Tutti i diritti sono riservati.

Compilazione avviata 08/10/2020 16:15:17.
Progetto "C:\Users\foxch\Desktop\Project_Omega\CMakeFiles\3.18.4\CompilerIdC\CompilerIdC.vcxproj" sul nodo 1 (destinazioni predefinite).
PrepareForBuild:
  Creazione directory "Debug\".
  Creazione directory "Debug\CompilerIdC.tlog\".
InitializeBuildStatus:
  Creazione di "Debug\CompilerIdC.tlog\unsuccessfulbuild". È stato specificato "AlwaysCreate".
ClCompile:
  E:\Programmi\Microsoft\Visual Studio\19\Community\VC\Tools\MSVC\14.27.29110\bin\HostX64\x64\CL.exe /c /nologo /W0 /WX- /diagnostics:column /Od /D _MBCS /Gm- /EHsc /RTC1 /MDd /GS /fp:precise /Zc:wchar_t /Zc:forScope /Zc:inline /Fo"Debug\\" /Fd"Debug\vc142.pdb" /Gd /TC /FC /errorReport:queue CMakeCCompilerId.c
  CMakeCCompilerId.c
Link:
  E:\Programmi\Microsoft\Visual Studio\19\Community\VC\Tools\MSVC\14.27.29110\bin\HostX64\x64\link.exe /ERRORREPORT:QUEUE /OUT:".\CompilerIdC.exe" /INCREMENTAL:NO /NOLOGO kernel32.lib user32.lib gdi32.lib winspool.lib comdlg32.lib advapi32.lib shell32.lib ole32.lib oleaut32.lib uuid.lib odbc32.lib odbccp32.lib /MANIFEST /MANIFESTUAC:"level='asInvoker' uiAccess='false'" /manifest:embed /PDB:".\CompilerIdC.pdb" /SUBSYSTEM:CONSOLE /TLBID:1 /DYNAMICBASE /NXCOMPAT /IMPLIB:".\CompilerIdC.lib" /MACHINE:X64 Debug\CMakeCCompilerId.obj
  CompilerIdC.vcxproj -> C:\Users\foxch\Desktop\Project_Omega\CMakeFiles\3.18.4\CompilerIdC\.\CompilerIdC.exe
PostBuildEvent:
  for %%i in (cl.exe) do @echo CMAKE_C_COMPILER=%%~$PATH:i
  :VCEnd
  CMAKE_C_COMPILER=E:\Programmi\Microsoft\Visual Studio\19\Community\VC\Tools\MSVC\14.27.29110\bin\Hostx64\x64\cl.exe
FinalizeBuildStatus:
  Eliminazione del file "Debug\CompilerIdC.tlog\unsuccessfulbuild" in corso.
  Aggiornamento timestamp di "Debug\CompilerIdC.tlog\CompilerIdC.lastbuildstate".
Compilazione progetto "C:\Users\foxch\Desktop\Project_Omega\CMakeFiles\3.18.4\CompilerIdC\CompilerIdC.vcxproj" (destinazioni predefinite) completata.

Compilazione completata.
    Avvisi: 0
    Errori: 0

Tempo trascorso 00:00:01.95


Compilation of the C compiler identification source "CMakeCCompilerId.c" produced "CompilerIdC.exe"

Compilation of the C compiler identification source "CMakeCCompilerId.c" produced "CompilerIdC.vcxproj"

The C compiler identification is MSVC, found in "C:/Users/foxch/Desktop/Project_Omega/CMakeFiles/3.18.4/CompilerIdC/CompilerIdC.exe"

Compiling the CXX compiler identification source file "CMakeCXXCompilerId.cpp" succeeded.
Compiler:  
Build flags: 
Id flags:  

The output was:
0
Microsoft (R) Build Engine versione 16.7.0+b89cb5fde per .NET Framework
Copyright (C) Microsoft Corporation. Tutti i diritti sono riservati.

Compilazione avviata 08/10/2020 16:15:19.
Progetto "C:\Users\foxch\Desktop\Project_Omega\CMakeFiles\3.18.4\CompilerIdCXX\CompilerIdCXX.vcxproj" sul nodo 1 (destinazioni predefinite).
PrepareForBuild:
  Creazione directory "Debug\".
  Creazione directory "Debug\CompilerIdCXX.tlog\".
InitializeBuildStatus:
  Creazione di "Debug\CompilerIdCXX.tlog\unsuccessfulbuild". È stato specificato "AlwaysCreate".
ClCompile:
  E:\Programmi\Microsoft\Visual Studio\19\Community\VC\Tools\MSVC\14.27.29110\bin\HostX64\x64\CL.exe /c /nologo /W0 /WX- /diagnostics:column /Od /D _MBCS /Gm- /EHsc /RTC1 /MDd /GS /fp:precise /Zc:wchar_t /Zc:forScope /Zc:inline /Fo"Debug\\" /Fd"Debug\vc142.pdb" /Gd /TP /FC /errorReport:queue CMakeCXXCompilerId.cpp
  CMakeCXXCompilerId.cpp
Link:
  E:\Programmi\Microsoft\Visual Studio\19\Community\VC\Tools\MSVC\14.27.29110\bin\HostX64\x64\link.exe /ERRORREPORT:QUEUE /OUT:".\CompilerIdCXX.exe" /INCREMENTAL:NO /NOLOGO kernel32.lib user32.lib gdi32.lib winspool.lib comdlg32.lib advapi32.lib shell32.lib ole32.lib oleaut32.lib uuid.lib odbc32.lib odbccp32.lib /MANIFEST /MANIFESTUAC:"level='asInvoker' uiAccess='false'" /manifest:embed /PDB:".\CompilerIdCXX.pdb" /SUBSYSTEM:CONSOLE /TLBID:1 /DYNAMICBASE /NXCOMPAT /IMPLIB:".\CompilerIdCXX.lib" /MACHINE:X64 Debug\CMakeCXXCompilerId.obj
  CompilerIdCXX.vcxproj -> C:\Users\foxch\Desktop\Project_Omega\CMakeFiles\3.18.4\CompilerIdCXX\.\CompilerIdCXX.exe
PostBuildEvent:
  for %%i in (cl.exe) do @echo CMAKE_CXX_COMPILER=%%~$PATH:i
  :VCEnd
  CMAKE_CXX_COMPILER=E:\Programmi\Microsoft\Visual Studio\19\Community\VC\Tools\MSVC\14.27.29110\bin\Hostx64\x64\cl.exe
FinalizeBuildStatus:
  Eliminazione del file "Debug\CompilerIdCXX.tlog\unsuccessfulbuild" in corso.
  Aggiornamento timestamp di "Debug\CompilerIdCXX.tlog\CompilerIdCXX.lastbuildstate".
Compilazione progetto "C:\Users\foxch\Desktop\Project_Omega\CMakeFiles\3.18.4\CompilerIdCXX\CompilerIdCXX.vcxproj" (destinazioni predefinite) completata.

Compilazione completata.
    Avvisi: 0
    Errori: 0

Tempo trascorso 00:00:00.97


Compilation of the CXX compiler identification source "CMakeCXXCompilerId.cpp" produced "CompilerIdCXX.exe"

Compilation of the CXX compiler identification source "CMakeCXXCompilerId.cpp" produced "CompilerIdCXX.vcxproj"

The CXX compiler identification is MSVC, found in "C:/Users/foxch/Desktop/Project_Omega/CMakeFiles/3.18.4/CompilerIdCXX/CompilerIdCXX.exe"

The system is: Windows - 10.0.19041 - AMD64
Compiling the C compiler identification source file "CMakeCCompilerId.c" succeeded.
Compiler: C:/cygwin64/bin/gcc.exe 
Build flags: 
Id flags:  

The output was:
0


Compilation of the C compiler identification source "CMakeCCompilerId.c" produced "a.exe"

The C compiler identification is GNU, found in "C:/Users/foxch/Desktop/Project_Omega/CMakeFiles/3.18.4/CompilerIdC/a.exe"

The system is: Linux - 4.4.0-19041-Microsoft - x86_64
Compiling the C compiler identification source file "CMakeCCompilerId.c" succeeded.
Compiler: /usr/bin/cc 
Build flags: 
Id flags:  

The output was:
0


Compilation of the C compiler identification source "CMakeCCompilerId.c" produced "a.out"

The C compiler identification is GNU, found in "/mnt/c/Users/foxch/Desktop/Project_Omega/CMakeFiles/3.16.3/CompilerIdC/a.out"

Compiling the CXX compiler identification source file "CMakeCXXCompilerId.cpp" succeeded.
Compiler: /home/squirly/opt/cross/bin/x86_64-elf-gcc 
Build flags: 
Id flags: -c 

The output was:
0


Compilation of the CXX compiler identification source "CMakeCXXCompilerId.cpp" produced "CMakeCXXCompilerId.o"

The CXX compiler identification is GNU, found in "/mnt/c/Users/foxch/Desktop/Project_Omega/CMakeFiles/3.16.3/CompilerIdCXX/CMakeCXXCompilerId.o"

Compiling the C compiler identification source file "CMakeCCompilerId.c" succeeded.
Compiler: /usr/bin/cc 
Build flags: 
Id flags:  

The output was:
0


Compilation of the C compiler identification source "CMakeCCompilerId.c" produced "a.out"

The C compiler identification is GNU, found in "/mnt/c/Users/foxch/Desktop/Project_Omega/CMakeFiles/3.16.3/CompilerIdC/a.out"

Compiling the CXX compiler identification source file "CMakeCXXCompilerId.cpp" succeeded.
Compiler: /home/squirly/opt/cross/bin/x86_64-elf-gcc 
Build flags: 
Id flags: -c 

The output was:
0


Compilation of the CXX compiler identification source "CMakeCXXCompilerId.cpp" produced "CMakeCXXCompilerId.o"

The CXX compiler identification is GNU, found in "/mnt/c/Users/foxch/Desktop/Project_Omega/CMakeFiles/3.16.3/CompilerIdCXX/CMakeCXXCompilerId.o"

Compiling the C compiler identification source file "CMakeCCompilerId.c" succeeded.
Compiler: /usr/bin/cc 
Build flags: 
Id flags:  

The output was:
0


Compilation of the C compiler identification source "CMakeCCompilerId.c" produced "a.out"

The C compiler identification is GNU, found in "/mnt/c/Users/foxch/Desktop/Project_Omega/CMakeFiles/3.16.3/CompilerIdC/a.out"

Compiling the CXX compiler identification source file "CMakeCXXCompilerId.cpp" succeeded.
Compiler: /home/squirly/opt/cross/bin/x86_64-elf-gcc 
Build flags: 
Id flags: -c 

The output was:
0


Compilation of the CXX compiler identification source "CMakeCXXCompilerId.cpp" produced "CMakeCXXCompilerId.o"

The CXX compiler identification is GNU, found in "/mnt/c/Users/foxch/Desktop/Project_Omega/CMakeFiles/3.16.3/CompilerIdCXX/CMakeCXXCompilerId.o"

Compiling the C compiler identification source file "CMakeCCompilerId.c" succeeded.
Compiler: /usr/bin/cc 
Build flags: 
Id flags:  

The output was:
0


Compilation of the C compiler identification source "CMakeCCompilerId.c" produced "a.out"

The C compiler identification is GNU, found in "/mnt/c/Users/foxch/Desktop/Project_Omega/CMakeFiles/3.16.3/CompilerIdC/a.out"

Compiling the CXX compiler identification source file "CMakeCXXCompilerId.cpp" succeeded.
Compiler: /home/squirly/opt/cross/bin/x86_64-elf-gcc 
Build flags: 
Id flags: -c 

The output was:
0


Compilation of the CXX compiler identification source "CMakeCXXCompilerId.cpp" produced "CMakeCXXCompilerId.o"

The CXX compiler identification is GNU, found in "/mnt/c/Users/foxch/Desktop/Project_Omega/CMakeFiles/3.16.3/CompilerIdCXX/CMakeCXXCompilerId.o"

Determining if the C compiler works passed with the following output:
Change Dir: /mnt/c/Users/foxch/Desktop/Project_Omega/CMakeFiles/CMakeTmp

Run Build Command(s):/usr/bin/make cmTC_bc396/fast && /usr/bin/make -f CMakeFiles/cmTC_bc396.dir/build.make CMakeFiles/cmTC_bc396.dir/build
make[1]: Entering directory '/mnt/c/Users/foxch/Desktop/Project_Omega/CMakeFiles/CMakeTmp'
Building C object CMakeFiles/cmTC_bc396.dir/testCCompiler.c.o
/usr/bin/cc    -o CMakeFiles/cmTC_bc396.dir/testCCompiler.c.o   -c /mnt/c/Users/foxch/Desktop/Project_Omega/CMakeFiles/CMakeTmp/testCCompiler.c
Linking C static library libcmTC_bc396.a
/usr/bin/cmake -P CMakeFiles/cmTC_bc396.dir/cmake_clean_target.cmake
/usr/bin/cmake -E cmake_link_script CMakeFiles/cmTC_bc396.dir/link.txt --verbose=1
/usr/bin/ar qc libcmTC_bc396.a  CMakeFiles/cmTC_bc396.dir/testCCompiler.c.o
/usr/bin/ranlib libcmTC_bc396.a
make[1]: Leaving directory '/mnt/c/Users/foxch/Desktop/Project_Omega/CMakeFiles/CMakeTmp'



Detecting C compiler ABI info compiled with the following output:
Change Dir: /mnt/c/Users/foxch/Desktop/Project_Omega/CMakeFiles/CMakeTmp

Run Build Command(s):/usr/bin/make cmTC_1fde1/fast && /usr/bin/make -f CMakeFiles/cmTC_1fde1.dir/build.make CMakeFiles/cmTC_1fde1.dir/build
make[1]: Entering directory '/mnt/c/Users/foxch/Desktop/Project_Omega/CMakeFiles/CMakeTmp'
Building C object CMakeFiles/cmTC_1fde1.dir/CMakeCCompilerABI.c.o
/usr/bin/cc   -v -o CMakeFiles/cmTC_1fde1.dir/CMakeCCompilerABI.c.o   -c /usr/share/cmake-3.16/Modules/CMakeCCompilerABI.c
Using built-in specs.
COLLECT_GCC=/usr/bin/cc
OFFLOAD_TARGET_NAMES=nvptx-none:hsa
OFFLOAD_TARGET_DEFAULT=1
Target: x86_64-linux-gnu
Configured with: ../src/configure -v --with-pkgversion='Ubuntu 9.3.0-10ubuntu2' --with-bugurl=file:///usr/share/doc/gcc-9/README.Bugs --enable-languages=c,ada,c++,go,brig,d,fortran,objc,obj-c++,gm2 --prefix=/usr --with-gcc-major-version-only --program-suffix=-9 --program-prefix=x86_64-linux-gnu- --enable-shared --enable-linker-build-id --libexecdir=/usr/lib --without-included-gettext --enable-threads=posix --libdir=/usr/lib --enable-nls --enable-clocale=gnu --enable-libstdcxx-debug --enable-libstdcxx-time=yes --with-default-libstdcxx-abi=new --enable-gnu-unique-object --disable-vtable-verify --enable-plugin --enable-default-pie --with-system-zlib --with-target-system-zlib=auto --enable-objc-gc=auto --enable-multiarch --disable-werror --with-arch-32=i686 --with-abi=m64 --with-multilib-list=m32,m64,mx32 --enable-multilib --with-tune=generic --enable-offload-targets=nvptx-none,hsa --without-cuda-driver --enable-checking=release --build=x86_64-linux-gnu --host=x86_64-linux-gnu --target=x86_64-linux-gnu
Thread model: posix
gcc version 9.3.0 (Ubuntu 9.3.0-10ubuntu2) 
COLLECT_GCC_OPTIONS='-v' '-o' 'CMakeFiles/cmTC_1fde1.dir/CMakeCCompilerABI.c.o' '-c' '-mtune=generic' '-march=x86-64'
 /usr/lib/gcc/x86_64-linux-gnu/9/cc1 -quiet -v -imultiarch x86_64-linux-gnu /usr/share/cmake-3.16/Modules/CMakeCCompilerABI.c -quiet -dumpbase CMakeCCompilerABI.c -mtune=generic -march=x86-64 -auxbase-strip CMakeFiles/cmTC_1fde1.dir/CMakeCCompilerABI.c.o -version -fasynchronous-unwind-tables -fstack-protector-strong -Wformat -Wformat-security -fstack-clash-protection -fcf-protection -o /tmp/ccTe0pYv.s
GNU C17 (Ubuntu 9.3.0-10ubuntu2) version 9.3.0 (x86_64-linux-gnu)
	compiled by GNU C version 9.3.0, GMP version 6.2.0, MPFR version 4.0.2, MPC version 1.1.0, isl version isl-0.22.1-GMP

GGC heuristics: --param ggc-min-expand=100 --param ggc-min-heapsize=131072
ignoring nonexistent directory "/usr/local/include/x86_64-linux-gnu"
ignoring nonexistent directory "/usr/lib/gcc/x86_64-linux-gnu/9/include-fixed"
ignoring nonexistent directory "/usr/lib/gcc/x86_64-linux-gnu/9/../../../../x86_64-linux-gnu/include"
#include "..." search starts here:
#include <...> search starts here:
 /usr/lib/gcc/x86_64-linux-gnu/9/include
 /usr/local/include
 /usr/include/x86_64-linux-gnu
 /usr/include
End of search list.
GNU C17 (Ubuntu 9.3.0-10ubuntu2) version 9.3.0 (x86_64-linux-gnu)
	compiled by GNU C version 9.3.0, GMP version 6.2.0, MPFR version 4.0.2, MPC version 1.1.0, isl version isl-0.22.1-GMP

GGC heuristics: --param ggc-min-expand=100 --param ggc-min-heapsize=131072
Compiler executable checksum: 18dc4c39b54390aa2b5013fb4339d43f
COLLECT_GCC_OPTIONS='-v' '-o' 'CMakeFiles/cmTC_1fde1.dir/CMakeCCompilerABI.c.o' '-c' '-mtune=generic' '-march=x86-64'
 as -v --64 -o CMakeFiles/cmTC_1fde1.dir/CMakeCCompilerABI.c.o /tmp/ccTe0pYv.s
GNU assembler version 2.34 (x86_64-linux-gnu) using BFD version (GNU Binutils for Ubuntu) 2.34
COMPILER_PATH=/usr/lib/gcc/x86_64-linux-gnu/9/:/usr/lib/gcc/x86_64-linux-gnu/9/:/usr/lib/gcc/x86_64-linux-gnu/:/usr/lib/gcc/x86_64-linux-gnu/9/:/usr/lib/gcc/x86_64-linux-gnu/
LIBRARY_PATH=/usr/lib/gcc/x86_64-linux-gnu/9/:/usr/lib/gcc/x86_64-linux-gnu/9/../../../x86_64-linux-gnu/:/usr/lib/gcc/x86_64-linux-gnu/9/../../../../lib/:/lib/x86_64-linux-gnu/:/lib/../lib/:/usr/lib/x86_64-linux-gnu/:/usr/lib/../lib/:/usr/lib/gcc/x86_64-linux-gnu/9/../../../:/lib/:/usr/lib/
COLLECT_GCC_OPTIONS='-v' '-o' 'CMakeFiles/cmTC_1fde1.dir/CMakeCCompilerABI.c.o' '-c' '-mtune=generic' '-march=x86-64'
Linking C static library libcmTC_1fde1.a
/usr/bin/cmake -P CMakeFiles/cmTC_1fde1.dir/cmake_clean_target.cmake
/usr/bin/cmake -E cmake_link_script CMakeFiles/cmTC_1fde1.dir/link.txt --verbose=1
/usr/bin/ar qc libcmTC_1fde1.a  CMakeFiles/cmTC_1fde1.dir/CMakeCCompilerABI.c.o
/usr/bin/ranlib libcmTC_1fde1.a
make[1]: Leaving directory '/mnt/c/Users/foxch/Desktop/Project_Omega/CMakeFiles/CMakeTmp'



Parsed C implicit include dir info from above output: rv=done
  found start of include info
  found start of implicit include info
    add: [/usr/lib/gcc/x86_64-linux-gnu/9/include]
    add: [/usr/local/include]
    add: [/usr/include/x86_64-linux-gnu]
    add: [/usr/include]
  end of search list found
  collapse include dir [/usr/lib/gcc/x86_64-linux-gnu/9/include] ==> [/usr/lib/gcc/x86_64-linux-gnu/9/include]
  collapse include dir [/usr/local/include] ==> [/usr/local/include]
  collapse include dir [/usr/include/x86_64-linux-gnu] ==> [/usr/include/x86_64-linux-gnu]
  collapse include dir [/usr/include] ==> [/usr/include]
  implicit include dirs: [/usr/lib/gcc/x86_64-linux-gnu/9/include;/usr/local/include;/usr/include/x86_64-linux-gnu;/usr/include]


Parsed C implicit link information from above output:
  link line regex: [^( *|.*[/\])(ld|CMAKE_LINK_STARTFILE-NOTFOUND|([^/\]+-)?ld|collect2)[^/\]*( |$)]
  ignore line: [Change Dir: /mnt/c/Users/foxch/Desktop/Project_Omega/CMakeFiles/CMakeTmp]
  ignore line: []
  ignore line: [Run Build Command(s):/usr/bin/make cmTC_1fde1/fast && /usr/bin/make -f CMakeFiles/cmTC_1fde1.dir/build.make CMakeFiles/cmTC_1fde1.dir/build]
  ignore line: [make[1]: Entering directory '/mnt/c/Users/foxch/Desktop/Project_Omega/CMakeFiles/CMakeTmp']
  ignore line: [Building C object CMakeFiles/cmTC_1fde1.dir/CMakeCCompilerABI.c.o]
  ignore line: [/usr/bin/cc   -v -o CMakeFiles/cmTC_1fde1.dir/CMakeCCompilerABI.c.o   -c /usr/share/cmake-3.16/Modules/CMakeCCompilerABI.c]
  ignore line: [Using built-in specs.]
  ignore line: [COLLECT_GCC=/usr/bin/cc]
  ignore line: [OFFLOAD_TARGET_NAMES=nvptx-none:hsa]
  ignore line: [OFFLOAD_TARGET_DEFAULT=1]
  ignore line: [Target: x86_64-linux-gnu]
  ignore line: [Configured with: ../src/configure -v --with-pkgversion='Ubuntu 9.3.0-10ubuntu2' --with-bugurl=file:///usr/share/doc/gcc-9/README.Bugs --enable-languages=c ada c++ go brig d fortran objc obj-c++ gm2 --prefix=/usr --with-gcc-major-version-only --program-suffix=-9 --program-prefix=x86_64-linux-gnu- --enable-shared --enable-linker-build-id --libexecdir=/usr/lib --without-included-gettext --enable-threads=posix --libdir=/usr/lib --enable-nls --enable-clocale=gnu --enable-libstdcxx-debug --enable-libstdcxx-time=yes --with-default-libstdcxx-abi=new --enable-gnu-unique-object --disable-vtable-verify --enable-plugin --enable-default-pie --with-system-zlib --with-target-system-zlib=auto --enable-objc-gc=auto --enable-multiarch --disable-werror --with-arch-32=i686 --with-abi=m64 --with-multilib-list=m32 m64 mx32 --enable-multilib --with-tune=generic --enable-offload-targets=nvptx-none hsa --without-cuda-driver --enable-checking=release --build=x86_64-linux-gnu --host=x86_64-linux-gnu --target=x86_64-linux-gnu]
  ignore line: [Thread model: posix]
  ignore line: [gcc version 9.3.0 (Ubuntu 9.3.0-10ubuntu2) ]
  ignore line: [COLLECT_GCC_OPTIONS='-v' '-o' 'CMakeFiles/cmTC_1fde1.dir/CMakeCCompilerABI.c.o' '-c' '-mtune=generic' '-march=x86-64']
  ignore line: [ /usr/lib/gcc/x86_64-linux-gnu/9/cc1 -quiet -v -imultiarch x86_64-linux-gnu /usr/share/cmake-3.16/Modules/CMakeCCompilerABI.c -quiet -dumpbase CMakeCCompilerABI.c -mtune=generic -march=x86-64 -auxbase-strip CMakeFiles/cmTC_1fde1.dir/CMakeCCompilerABI.c.o -version -fasynchronous-unwind-tables -fstack-protector-strong -Wformat -Wformat-security -fstack-clash-protection -fcf-protection -o /tmp/ccTe0pYv.s]
  ignore line: [GNU C17 (Ubuntu 9.3.0-10ubuntu2) version 9.3.0 (x86_64-linux-gnu)]
  ignore line: [	compiled by GNU C version 9.3.0  GMP version 6.2.0  MPFR version 4.0.2  MPC version 1.1.0  isl version isl-0.22.1-GMP]
  ignore line: []
  ignore line: [GGC heuristics: --param ggc-min-expand=100 --param ggc-min-heapsize=131072]
  ignore line: [ignoring nonexistent directory "/usr/local/include/x86_64-linux-gnu"]
  ignore line: [ignoring nonexistent directory "/usr/lib/gcc/x86_64-linux-gnu/9/include-fixed"]
  ignore line: [ignoring nonexistent directory "/usr/lib/gcc/x86_64-linux-gnu/9/../../../../x86_64-linux-gnu/include"]
  ignore line: [#include "..." search starts here:]
  ignore line: [#include <...> search starts here:]
  ignore line: [ /usr/lib/gcc/x86_64-linux-gnu/9/include]
  ignore line: [ /usr/local/include]
  ignore line: [ /usr/include/x86_64-linux-gnu]
  ignore line: [ /usr/include]
  ignore line: [End of search list.]
  ignore line: [GNU C17 (Ubuntu 9.3.0-10ubuntu2) version 9.3.0 (x86_64-linux-gnu)]
  ignore line: [	compiled by GNU C version 9.3.0  GMP version 6.2.0  MPFR version 4.0.2  MPC version 1.1.0  isl version isl-0.22.1-GMP]
  ignore line: []
  ignore line: [GGC heuristics: --param ggc-min-expand=100 --param ggc-min-heapsize=131072]
  ignore line: [Compiler executable checksum: 18dc4c39b54390aa2b5013fb4339d43f]
  ignore line: [COLLECT_GCC_OPTIONS='-v' '-o' 'CMakeFiles/cmTC_1fde1.dir/CMakeCCompilerABI.c.o' '-c' '-mtune=generic' '-march=x86-64']
  ignore line: [ as -v --64 -o CMakeFiles/cmTC_1fde1.dir/CMakeCCompilerABI.c.o /tmp/ccTe0pYv.s]
  ignore line: [GNU assembler version 2.34 (x86_64-linux-gnu) using BFD version (GNU Binutils for Ubuntu) 2.34]
  ignore line: [COMPILER_PATH=/usr/lib/gcc/x86_64-linux-gnu/9/:/usr/lib/gcc/x86_64-linux-gnu/9/:/usr/lib/gcc/x86_64-linux-gnu/:/usr/lib/gcc/x86_64-linux-gnu/9/:/usr/lib/gcc/x86_64-linux-gnu/]
  ignore line: [LIBRARY_PATH=/usr/lib/gcc/x86_64-linux-gnu/9/:/usr/lib/gcc/x86_64-linux-gnu/9/../../../x86_64-linux-gnu/:/usr/lib/gcc/x86_64-linux-gnu/9/../../../../lib/:/lib/x86_64-linux-gnu/:/lib/../lib/:/usr/lib/x86_64-linux-gnu/:/usr/lib/../lib/:/usr/lib/gcc/x86_64-linux-gnu/9/../../../:/lib/:/usr/lib/]
  ignore line: [COLLECT_GCC_OPTIONS='-v' '-o' 'CMakeFiles/cmTC_1fde1.dir/CMakeCCompilerABI.c.o' '-c' '-mtune=generic' '-march=x86-64']
  ignore line: [Linking C static library libcmTC_1fde1.a]
  ignore line: [/usr/bin/cmake -P CMakeFiles/cmTC_1fde1.dir/cmake_clean_target.cmake]
  ignore line: [/usr/bin/cmake -E cmake_link_script CMakeFiles/cmTC_1fde1.dir/link.txt --verbose=1]
  ignore line: [/usr/bin/ar qc libcmTC_1fde1.a  CMakeFiles/cmTC_1fde1.dir/CMakeCCompilerABI.c.o]
  ignore line: [/usr/bin/ranlib libcmTC_1fde1.a]
  ignore line: [make[1]: Leaving directory '/mnt/c/Users/foxch/Desktop/Project_Omega/CMakeFiles/CMakeTmp']
  ignore line: []
  ignore line: []
  implicit libs: []
  implicit dirs: []
  implicit fwks: []


Determining if the CXX compiler works passed with the following output:
Change Dir: /mnt/c/Users/foxch/Desktop/Project_Omega/CMakeFiles/CMakeTmp

Run Build Command(s):/usr/bin/make cmTC_3e174/fast && /usr/bin/make -f CMakeFiles/cmTC_3e174.dir/build.make CMakeFiles/cmTC_3e174.dir/build
make[1]: Entering directory '/mnt/c/Users/foxch/Desktop/Project_Omega/CMakeFiles/CMakeTmp'
Building CXX object CMakeFiles/cmTC_3e174.dir/testCXXCompiler.cxx.o
/home/squirly/opt/cross/bin/x86_64-elf-gcc     -o CMakeFiles/cmTC_3e174.dir/testCXXCompiler.cxx.o -c /mnt/c/Users/foxch/Desktop/Project_Omega/CMakeFiles/CMakeTmp/testCXXCompiler.cxx
Linking CXX static library libcmTC_3e174.a
/usr/bin/cmake -P CMakeFiles/cmTC_3e174.dir/cmake_clean_target.cmake
/usr/bin/cmake -E cmake_link_script CMakeFiles/cmTC_3e174.dir/link.txt --verbose=1
/usr/bin/ar qc libcmTC_3e174.a  CMakeFiles/cmTC_3e174.dir/testCXXCompiler.cxx.o
/usr/bin/ranlib libcmTC_3e174.a
make[1]: Leaving directory '/mnt/c/Users/foxch/Desktop/Project_Omega/CMakeFiles/CMakeTmp'



Detecting CXX compiler ABI info compiled with the following output:
Change Dir: /mnt/c/Users/foxch/Desktop/Project_Omega/CMakeFiles/CMakeTmp

Run Build Command(s):/usr/bin/make cmTC_1c032/fast && /usr/bin/make -f CMakeFiles/cmTC_1c032.dir/build.make CMakeFiles/cmTC_1c032.dir/build
make[1]: Entering directory '/mnt/c/Users/foxch/Desktop/Project_Omega/CMakeFiles/CMakeTmp'
Building CXX object CMakeFiles/cmTC_1c032.dir/CMakeCXXCompilerABI.cpp.o
/home/squirly/opt/cross/bin/x86_64-elf-gcc    -v -o CMakeFiles/cmTC_1c032.dir/CMakeCXXCompilerABI.cpp.o -c /usr/share/cmake-3.16/Modules/CMakeCXXCompilerABI.cpp
Using built-in specs.
COLLECT_GCC=/home/squirly/opt/cross/bin/x86_64-elf-gcc
Target: x86_64-elf
Configured with: ../gcc-10.2.0/configure --target=x86_64-elf --prefix=/home/squirly/opt/cross --disable-nls --enable-languages=c,c++ --without-headers
Thread model: single
Supported LTO compression algorithms: zlib
gcc version 10.2.0 (GCC) 
COLLECT_GCC_OPTIONS='-v' '-o' 'CMakeFiles/cmTC_1c032.dir/CMakeCXXCompilerABI.cpp.o' '-c' '-mtune=generic' '-march=x86-64'
 /home/squirly/opt/cross/libexec/gcc/x86_64-elf/10.2.0/cc1plus -quiet -v /usr/share/cmake-3.16/Modules/CMakeCXXCompilerABI.cpp -quiet -dumpbase CMakeCXXCompilerABI.cpp -mtune=generic -march=x86-64 -auxbase-strip CMakeFiles/cmTC_1c032.dir/CMakeCXXCompilerABI.cpp.o -version -o /tmp/ccmbZObv.s
GNU C++14 (GCC) version 10.2.0 (x86_64-elf)
	compiled by GNU C version 9.3.0, GMP version 6.2.0, MPFR version 4.0.2, MPC version 1.1.0, isl version isl-0.22.1-GMP

GGC heuristics: --param ggc-min-expand=100 --param ggc-min-heapsize=131072
ignoring nonexistent directory "/home/squirly/opt/cross/lib/gcc/x86_64-elf/10.2.0/../../../../x86_64-elf/include/c++/10.2.0"
ignoring nonexistent directory "/home/squirly/opt/cross/lib/gcc/x86_64-elf/10.2.0/../../../../x86_64-elf/include/c++/10.2.0/x86_64-elf"
ignoring nonexistent directory "/home/squirly/opt/cross/lib/gcc/x86_64-elf/10.2.0/../../../../x86_64-elf/include/c++/10.2.0/backward"
ignoring nonexistent directory "/home/squirly/opt/cross/lib/gcc/x86_64-elf/10.2.0/../../../../x86_64-elf/sys-include"
ignoring nonexistent directory "/home/squirly/opt/cross/lib/gcc/x86_64-elf/10.2.0/../../../../x86_64-elf/include"
#include "..." search starts here:
#include <...> search starts here:
 /home/squirly/opt/cross/lib/gcc/x86_64-elf/10.2.0/include
 /home/squirly/opt/cross/lib/gcc/x86_64-elf/10.2.0/include-fixed
End of search list.
GNU C++14 (GCC) version 10.2.0 (x86_64-elf)
	compiled by GNU C version 9.3.0, GMP version 6.2.0, MPFR version 4.0.2, MPC version 1.1.0, isl version isl-0.22.1-GMP

GGC heuristics: --param ggc-min-expand=100 --param ggc-min-heapsize=131072
Compiler executable checksum: 63dbd17c380800be77a46237ee59d544
COLLECT_GCC_OPTIONS='-v' '-o' 'CMakeFiles/cmTC_1c032.dir/CMakeCXXCompilerABI.cpp.o' '-c' '-mtune=generic' '-march=x86-64'
 /home/squirly/opt/cross/lib/gcc/x86_64-elf/10.2.0/../../../../x86_64-elf/bin/as -o CMakeFiles/cmTC_1c032.dir/CMakeCXXCompilerABI.cpp.o /tmp/ccmbZObv.s
COMPILER_PATH=/home/squirly/opt/cross/libexec/gcc/x86_64-elf/10.2.0/:/home/squirly/opt/cross/libexec/gcc/x86_64-elf/10.2.0/:/home/squirly/opt/cross/libexec/gcc/x86_64-elf/:/home/squirly/opt/cross/lib/gcc/x86_64-elf/10.2.0/:/home/squirly/opt/cross/lib/gcc/x86_64-elf/:/home/squirly/opt/cross/lib/gcc/x86_64-elf/10.2.0/../../../../x86_64-elf/bin/
LIBRARY_PATH=/home/squirly/opt/cross/lib/gcc/x86_64-elf/10.2.0/:/home/squirly/opt/cross/lib/gcc/x86_64-elf/10.2.0/../../../../x86_64-elf/lib/
COLLECT_GCC_OPTIONS='-v' '-o' 'CMakeFiles/cmTC_1c032.dir/CMakeCXXCompilerABI.cpp.o' '-c' '-mtune=generic' '-march=x86-64'
Linking CXX static library libcmTC_1c032.a
/usr/bin/cmake -P CMakeFiles/cmTC_1c032.dir/cmake_clean_target.cmake
/usr/bin/cmake -E cmake_link_script CMakeFiles/cmTC_1c032.dir/link.txt --verbose=1
/usr/bin/ar qc libcmTC_1c032.a  CMakeFiles/cmTC_1c032.dir/CMakeCXXCompilerABI.cpp.o
/usr/bin/ranlib libcmTC_1c032.a
make[1]: Leaving directory '/mnt/c/Users/foxch/Desktop/Project_Omega/CMakeFiles/CMakeTmp'



Parsed CXX implicit include dir info from above output: rv=done
  found start of include info
  found start of implicit include info
    add: [/home/squirly/opt/cross/lib/gcc/x86_64-elf/10.2.0/include]
    add: [/home/squirly/opt/cross/lib/gcc/x86_64-elf/10.2.0/include-fixed]
  end of search list found
  collapse include dir [/home/squirly/opt/cross/lib/gcc/x86_64-elf/10.2.0/include] ==> [/home/squirly/opt/cross/lib/gcc/x86_64-elf/10.2.0/include]
  collapse include dir [/home/squirly/opt/cross/lib/gcc/x86_64-elf/10.2.0/include-fixed] ==> [/home/squirly/opt/cross/lib/gcc/x86_64-elf/10.2.0/include-fixed]
  implicit include dirs: [/home/squirly/opt/cross/lib/gcc/x86_64-elf/10.2.0/include;/home/squirly/opt/cross/lib/gcc/x86_64-elf/10.2.0/include-fixed]


Parsed CXX implicit link information from above output:
  link line regex: [^( *|.*[/\])(ld|CMAKE_LINK_STARTFILE-NOTFOUND|([^/\]+-)?ld|collect2)[^/\]*( |$)]
  ignore line: [Change Dir: /mnt/c/Users/foxch/Desktop/Project_Omega/CMakeFiles/CMakeTmp]
  ignore line: []
  ignore line: [Run Build Command(s):/usr/bin/make cmTC_1c032/fast && /usr/bin/make -f CMakeFiles/cmTC_1c032.dir/build.make CMakeFiles/cmTC_1c032.dir/build]
  ignore line: [make[1]: Entering directory '/mnt/c/Users/foxch/Desktop/Project_Omega/CMakeFiles/CMakeTmp']
  ignore line: [Building CXX object CMakeFiles/cmTC_1c032.dir/CMakeCXXCompilerABI.cpp.o]
  ignore line: [/home/squirly/opt/cross/bin/x86_64-elf-gcc    -v -o CMakeFiles/cmTC_1c032.dir/CMakeCXXCompilerABI.cpp.o -c /usr/share/cmake-3.16/Modules/CMakeCXXCompilerABI.cpp]
  ignore line: [Using built-in specs.]
  ignore line: [COLLECT_GCC=/home/squirly/opt/cross/bin/x86_64-elf-gcc]
  ignore line: [Target: x86_64-elf]
  ignore line: [Configured with: ../gcc-10.2.0/configure --target=x86_64-elf --prefix=/home/squirly/opt/cross --disable-nls --enable-languages=c c++ --without-headers]
  ignore line: [Thread model: single]
  ignore line: [Supported LTO compression algorithms: zlib]
  ignore line: [gcc version 10.2.0 (GCC) ]
  ignore line: [COLLECT_GCC_OPTIONS='-v' '-o' 'CMakeFiles/cmTC_1c032.dir/CMakeCXXCompilerABI.cpp.o' '-c' '-mtune=generic' '-march=x86-64']
  ignore line: [ /home/squirly/opt/cross/libexec/gcc/x86_64-elf/10.2.0/cc1plus -quiet -v /usr/share/cmake-3.16/Modules/CMakeCXXCompilerABI.cpp -quiet -dumpbase CMakeCXXCompilerABI.cpp -mtune=generic -march=x86-64 -auxbase-strip CMakeFiles/cmTC_1c032.dir/CMakeCXXCompilerABI.cpp.o -version -o /tmp/ccmbZObv.s]
  ignore line: [GNU C++14 (GCC) version 10.2.0 (x86_64-elf)]
  ignore line: [	compiled by GNU C version 9.3.0  GMP version 6.2.0  MPFR version 4.0.2  MPC version 1.1.0  isl version isl-0.22.1-GMP]
  ignore line: []
  ignore line: [GGC heuristics: --param ggc-min-expand=100 --param ggc-min-heapsize=131072]
  ignore line: [ignoring nonexistent directory "/home/squirly/opt/cross/lib/gcc/x86_64-elf/10.2.0/../../../../x86_64-elf/include/c++/10.2.0"]
  ignore line: [ignoring nonexistent directory "/home/squirly/opt/cross/lib/gcc/x86_64-elf/10.2.0/../../../../x86_64-elf/include/c++/10.2.0/x86_64-elf"]
  ignore line: [ignoring nonexistent directory "/home/squirly/opt/cross/lib/gcc/x86_64-elf/10.2.0/../../../../x86_64-elf/include/c++/10.2.0/backward"]
  ignore line: [ignoring nonexistent directory "/home/squirly/opt/cross/lib/gcc/x86_64-elf/10.2.0/../../../../x86_64-elf/sys-include"]
  ignore line: [ignoring nonexistent directory "/home/squirly/opt/cross/lib/gcc/x86_64-elf/10.2.0/../../../../x86_64-elf/include"]
  ignore line: [#include "..." search starts here:]
  ignore line: [#include <...> search starts here:]
  ignore line: [ /home/squirly/opt/cross/lib/gcc/x86_64-elf/10.2.0/include]
  ignore line: [ /home/squirly/opt/cross/lib/gcc/x86_64-elf/10.2.0/include-fixed]
  ignore line: [End of search list.]
  ignore line: [GNU C++14 (GCC) version 10.2.0 (x86_64-elf)]
  ignore line: [	compiled by GNU C version 9.3.0  GMP version 6.2.0  MPFR version 4.0.2  MPC version 1.1.0  isl version isl-0.22.1-GMP]
  ignore line: []
  ignore line: [GGC heuristics: --param ggc-min-expand=100 --param ggc-min-heapsize=131072]
  ignore line: [Compiler executable checksum: 63dbd17c380800be77a46237ee59d544]
  ignore line: [COLLECT_GCC_OPTIONS='-v' '-o' 'CMakeFiles/cmTC_1c032.dir/CMakeCXXCompilerABI.cpp.o' '-c' '-mtune=generic' '-march=x86-64']
  ignore line: [ /home/squirly/opt/cross/lib/gcc/x86_64-elf/10.2.0/../../../../x86_64-elf/bin/as -o CMakeFiles/cmTC_1c032.dir/CMakeCXXCompilerABI.cpp.o /tmp/ccmbZObv.s]
  ignore line: [COMPILER_PATH=/home/squirly/opt/cross/libexec/gcc/x86_64-elf/10.2.0/:/home/squirly/opt/cross/libexec/gcc/x86_64-elf/10.2.0/:/home/squirly/opt/cross/libexec/gcc/x86_64-elf/:/home/squirly/opt/cross/lib/gcc/x86_64-elf/10.2.0/:/home/squirly/opt/cross/lib/gcc/x86_64-elf/:/home/squirly/opt/cross/lib/gcc/x86_64-elf/10.2.0/../../../../x86_64-elf/bin/]
  ignore line: [LIBRARY_PATH=/home/squirly/opt/cross/lib/gcc/x86_64-elf/10.2.0/:/home/squirly/opt/cross/lib/gcc/x86_64-elf/10.2.0/../../../../x86_64-elf/lib/]
  ignore line: [COLLECT_GCC_OPTIONS='-v' '-o' 'CMakeFiles/cmTC_1c032.dir/CMakeCXXCompilerABI.cpp.o' '-c' '-mtune=generic' '-march=x86-64']
  ignore line: [Linking CXX static library libcmTC_1c032.a]
  ignore line: [/usr/bin/cmake -P CMakeFiles/cmTC_1c032.dir/cmake_clean_target.cmake]
  ignore line: [/usr/bin/cmake -E cmake_link_script CMakeFiles/cmTC_1c032.dir/link.txt --verbose=1]
  ignore line: [/usr/bin/ar qc libcmTC_1c032.a  CMakeFiles/cmTC_1c032.dir/CMakeCXXCompilerABI.cpp.o]
  ignore line: [/usr/bin/ranlib libcmTC_1c032.a]
  ignore line: [make[1]: Leaving directory '/mnt/c/Users/foxch/Desktop/Project_Omega/CMakeFiles/CMakeTmp']
  ignore line: []
  ignore line: []
  implicit libs: []
  implicit dirs: []
  implicit fwks: []


